Occurence time: 13/03/2020 18:41:21 Explanation : SomerenApp couldn't open the connection

Occurence time: 13/03/2020 18:41:22 Explanation : SomerenApp couldn't open the connection

Occurence time: 13/03/2020 18:41:23 Explanation : SomerenApp could't get the student list

Occurence time: 13/03/2020 18:55:57 Explanation : SomerenApp couldn't open the connection
Occurence time: 13/03/2020 18:56:42 Explanation : SomerenApp couldn't open the connection
Occurence time: 13/03/2020 18:56:44 Explanation : SomerenApp couldn't get the lecturer list
Occurence time: 14-Mar-20 8:51:13 PM Explanation : SomerenApp couldn't get the drink list
Occurence time: 14-Mar-20 8:53:11 PM Explanation : SomerenApp couldn't get the drink list
Occurence time: 14-Mar-20 8:54:10 PM Explanation : SomerenApp couldn't get the drink list
Occurence time: 14-Mar-20 8:55:20 PM Explanation : SomerenApp couldn't get the drink list
Occurence time: 14-Mar-20 8:55:47 PM Explanation : SomerenApp couldn't get the drink list
Occurence time: 14-Mar-20 8:57:04 PM Explanation : SomerenApp couldn't get the drink list
Occurence time: 14-Mar-20 8:57:22 PM Explanation : SomerenApp couldn't get the drink list
Occurence time: 14-Mar-20 8:58:55 PM Explanation : SomerenApp couldn't get the drink list
Occurence time: 14-Mar-20 8:59:52 PM Explanation : SomerenApp couldn't get the drink list
Occurence time: 14-Mar-20 9:00:19 PM Explanation : SomerenApp couldn't get the drink list
Occurence time: 14-Mar-20 9:01:36 PM Explanation : SomerenApp couldn't get the drink list
Occurence time: 14-Mar-20 9:05:03 PM Explanation : SomerenApp couldn't get the drink list
Occurence time: 14-Mar-20 9:05:52 PM Explanation : SomerenApp couldn't get the drink list
Occurence time: 14-Mar-20 9:06:20 PM Explanation : SomerenApp couldn't get the drink list
Occurence time: 14-Mar-20 9:06:41 PM Explanation : SomerenApp couldn't get the drink list
Occurence time: 14-Mar-20 9:07:47 PM Explanation : SomerenApp couldn't get the drink list
Occurence time: 15-Mar-20 5:27:23 AM Explanation : SomerenApp couldn't open the connection
Occurence time: 15-Mar-20 5:28:20 AM Explanation : SomerenApp couldn't open the connection
Occurence time: 15-Mar-20 5:28:23 AM Explanation : SomerenApp couldn't get the drink list
Occurence time: 16/03/2020 21:31:20 Explanation : SomerenApp couldn't execute the select query
Occurence time: 17-Mar-20 8:30:48 PM Explanation : SomerenApp couldn't execute the select query
Occurence time: 17-Mar-20 8:32:58 PM Explanation : SomerenApp couldn't execute the select query
Occurence time: 19-Mar-20 9:42:12 PM Explanation : SomerenApp couldn't execute the select query
Occurence time: 19-Mar-20 11:08:29 PM Explanation : SomerenApp couldn't execute the select query
Occurence time: 19-Mar-20 11:08:31 PM Explanation : SomerenApp couldn't get the drink list
Occurence time: 19-Mar-20 11:09:44 PM Explanation : SomerenApp couldn't execute the select query
Occurence time: 19-Mar-20 11:09:45 PM Explanation : SomerenApp couldn't get the drink list
Occurence time: 19-Mar-20 11:11:17 PM Explanation : SomerenApp couldn't execute the select query
Occurence time: 19-Mar-20 11:11:18 PM Explanation : SomerenApp couldn't get the drink list
Occurence time: 19-Mar-20 11:12:13 PM Explanation : SomerenApp couldn't get the drink list
Occurence time: 19-Mar-20 11:13:38 PM Explanation : SomerenApp couldn't get the drink list
Occurence time: 19-Mar-20 11:16:25 PM Explanation : SomerenApp couldn't get the drink list
Occurence time: 19-Mar-20 11:17:27 PM Explanation : SomerenApp couldn't get the drink list
Occurence time: 19-Mar-20 11:19:03 PM Explanation : SomerenApp couldn't get the drink list
Occurence time: 19-Mar-20 11:19:59 PM Explanation : SomerenApp couldn't get the drink list
Occurence time: 19-Mar-20 11:23:40 PM Explanation : SomerenApp couldn't get the drink list
Occurence time: 19-Mar-20 11:25:10 PM Explanation : SomerenApp couldn't get the drink list
Occurence time: 19-Mar-20 11:27:44 PM Explanation : SomerenApp couldn't get the drink list
Occurence time: 19-Mar-20 11:31:24 PM Explanation : SomerenApp couldn't get the drink list
Occurence time: 19-Mar-20 11:33:41 PM Explanation : SomerenApp couldn't get the drink list
Occurence time: 19-Mar-20 11:42:18 PM Explanation : Could not insert!
Occurence time: 19-Mar-20 11:46:30 PM Explanation : Could not insert!Make sure you use a period instead of a comma
Occurence time: 19-Mar-20 11:49:19 PM Explanation : SomerenApp couldn't get the drink list
Occurence time: 19-Mar-20 11:53:13 PM Explanation : SomerenApp couldn't get the drink list
Occurence time: 20-Mar-20 12:26:07 AM Explanation : test
Occurence time: 20-Mar-20 12:26:08 AM Explanation : test
Occurence time: 20-Mar-20 12:26:10 AM Explanation : test
Occurence time: 20-Mar-20 12:26:48 AM Explanation : test
Occurence time: 20-Mar-20 12:27:51 AM Explanation : 4.21
Occurence time: 20-Mar-20 12:28:33 AM Explanation : 4 21
Occurence time: 20-Mar-20 12:30:28 AM Explanation : 4 21
Occurence time: 20-Mar-20 5:56:40 PM Explanation : Could not remove the drink!
Occurence time: 20-Mar-20 5:56:43 PM Explanation : Could not remove the drink!
Occurence time: 20-Mar-20 5:56:45 PM Explanation : Could not remove the drink!
Occurence time: 20-Mar-20 5:56:48 PM Explanation : Could not remove the drink!
Occurence time: 20-03-20 6:01:11 PM Explanation : Could not remove the drink!
Occurence time: 22-Mar-20 9:14:24 PM Explanation : SomerenApp couldn't execute the select query
Occurence time: 22-Mar-20 10:39:12 PM Explanation : SomerenApp couldn't execute the select query
Occurence time: 23-Mar-20 11:08:17 PM Explanation : SomerenApp couldn't open the connection
Occurence time: 23-Mar-20 11:08:19 PM Explanation : SomerenApp couldn't open the connection
Occurence time: 25-Mar-20 10:01:37 PM Explanation : SomerenApp couldn't get the supervisor list
Occurence time: 25-Mar-20 10:02:11 PM Explanation : SomerenApp couldn't get the supervisor list
Occurence time: 25-Mar-20 10:03:34 PM Explanation : SomerenApp couldn't execute the select query
Occurence time: 25-Mar-20 10:03:35 PM Explanation : SomerenApp couldn't get the supervisor list
Occurence time: 25-Mar-20 10:03:56 PM Explanation : SomerenApp couldn't execute the select query
Occurence time: 25-Mar-20 10:03:57 PM Explanation : SomerenApp couldn't get the supervisor list
Occurance time: 27-Mar-20 1:53:35 PM Explanation: Application couldn't read the timetable table
Occurance time: 27-Mar-20 1:54:47 PM Explanation: SomerenApp couldn't execute the select query
Occurance time: 27-Mar-20 1:54:49 PM Explanation: Application couldn't read the timetable table
Occurance time: 27-Mar-20 2:21:23 PM Explanation: 1-1-1 0:0:0
Occurance time: 27-Mar-20 2:22:53 PM Explanation: 01-Jan-01 12:00:00 AM
Occurance time: 27-Mar-20 2:23:47 PM Explanation: 01-Jan-01 12:00:00 AM
Occurance time: 27-Mar-20 2:24:31 PM Explanation: 01-Jan-01 12:00:00 AM
Occurance time: 27-Mar-20 2:25:07 PM Explanation: 01-Jan-01 12:00:00 AM
Occurance time: 27-Mar-20 3:07:27 PM Explanation: Application couldn't read the timetable table
Occurance time: 27-Mar-20 3:08:19 PM Explanation: Application couldn't read the timetable table
Occurance time: 27-Mar-20 3:22:29 PM Explanation: 0
Occurance time: 27-Mar-20 3:22:32 PM Explanation: 0
Occurance time: 27-Mar-20 3:22:33 PM Explanation: 0
Occurance time: 27-Mar-20 3:27:50 PM Explanation: Application couldn't read the timetable table
Occurance time: 27-Mar-20 3:33:38 PM Explanation: Application couldn't read the timetable table
Occurance time: 27-Mar-20 3:49:38 PM Explanation: Application couldn't read the timetable table
Occurance time: 27-Mar-20 3:51:30 PM Explanation: Application couldn't read the timetable table
Occurance time: 27-Mar-20 3:52:16 PM Explanation: Application couldn't read the timetable table
Occurance time: 27-Mar-20 3:52:57 PM Explanation: Application couldn't read the timetable table
Occurance time: 27-Mar-20 3:54:03 PM Explanation: Application couldn't read the timetable table
Occurance time: 27-Mar-20 3:54:23 PM Explanation: Application couldn't read the timetable table
Occurance time: 27-Mar-20 3:55:26 PM Explanation: System.InvalidOperationException: ExecuteReader: Connection property has not been initialized.
   at System.Data.SqlClient.SqlCommand.ValidateCommand(String method, Boolean async)
   at System.Data.SqlClient.SqlCommand.RunExecuteReader(CommandBehavior cmdBehavior, RunBehavior runBehavior, Boolean returnStream, String method, TaskCompletionSource`1 completion, Int32 timeout, Task& task, Boolean& usedCache, Boolean asyncWrite, Boolean inRetry)
   at System.Data.SqlClient.SqlCommand.RunExecuteReader(CommandBehavior cmdBehavior, RunBehavior runBehavior, Boolean returnStream, String method)
   at System.Data.SqlClient.SqlCommand.ExecuteReader(CommandBehavior behavior, String method)
   at System.Data.SqlClient.SqlCommand.ExecuteReader()
   at SomerenDAL.Activity_DAO.GetById(Int32 id) in C:\Users\logoff\Desktop\Group6_Assignment3\Someren1920F\SomerenDAL\Activity_DAO.cs:line 137
   at SomerenDAL.Timetable_DAO.ReadTables(DataTable dataTable) in C:\Users\logoff\Desktop\Group6_Assignment3\Someren1920F\SomerenDAL\Timetable_DAO.cs:line 49
Occurance time: 27-Mar-20 3:57:44 PM Explanation: System.InvalidOperationException: ExecuteReader: Connection property has not been initialized.
   at System.Data.SqlClient.SqlCommand.ValidateCommand(String method, Boolean async)
   at System.Data.SqlClient.SqlCommand.RunExecuteReader(CommandBehavior cmdBehavior, RunBehavior runBehavior, Boolean returnStream, String method, TaskCompletionSource`1 completion, Int32 timeout, Task& task, Boolean& usedCache, Boolean asyncWrite, Boolean inRetry)
   at System.Data.SqlClient.SqlCommand.RunExecuteReader(CommandBehavior cmdBehavior, RunBehavior runBehavior, Boolean returnStream, String method)
   at System.Data.SqlClient.SqlCommand.ExecuteReader(CommandBehavior behavior, String method)
   at System.Data.SqlClient.SqlCommand.ExecuteReader()
   at SomerenDAL.Activity_DAO.GetById(Int32 id) in C:\Users\logoff\Desktop\Group6_Assignment3\Someren1920F\SomerenDAL\Activity_DAO.cs:line 137
   at SomerenDAL.Timetable_DAO.ReadTables(DataTable dataTable) in C:\Users\logoff\Desktop\Group6_Assignment3\Someren1920F\SomerenDAL\Timetable_DAO.cs:line 49
Occurance time: 27-Mar-20 4:03:26 PM Explanation: System.NullReferenceException: Object reference not set to an instance of an object.
   at SomerenDAL.Timetable_DAO.ReadTables(DataTable dataTable) in C:\Users\logoff\Desktop\Group6_Assignment3\Someren1920F\SomerenDAL\Timetable_DAO.cs:line 58
Occurance time: 27-Mar-20 4:16:17 PM Explanation: System.NullReferenceException: Object reference not set to an instance of an object.
   at SomerenDAL.Activity_DAO.GetById(Int32 id) in C:\Users\logoff\Desktop\Group6_Assignment3\Someren1920F\SomerenDAL\Activity_DAO.cs:line 145
   at SomerenDAL.Timetable_DAO.ReadTables(DataTable dataTable) in C:\Users\logoff\Desktop\Group6_Assignment3\Someren1920F\SomerenDAL\Timetable_DAO.cs:line 47
Occurance time: 27-Mar-20 4:24:11 PM Explanation: System.NullReferenceException: Object reference not set to an instance of an object.
   at SomerenDAL.Activity_DAO.GetById(Int32 id) in C:\Users\logoff\Desktop\Group6_Assignment3\Someren1920F\SomerenDAL\Activity_DAO.cs:line 146
   at SomerenDAL.Timetable_DAO.ReadTables(DataTable dataTable) in C:\Users\logoff\Desktop\Group6_Assignment3\Someren1920F\SomerenDAL\Timetable_DAO.cs:line 47
